<?xml version="1.0" encoding="UTF-8"?>
<!-- Generated by org.testng.reporters.JUnitReportReporter -->
<testsuite hostname="PoojaPatange-PC" name="webAutoTest.AllStoresareUPArabicClass" tests="2" failures="0" timestamp="27 Jun 2018 11:57:21 GMT" time="115.690" errors="0">
  <testcase name="failTest" time="115.686" classname="webAutoTest.AllStoresareUPArabicClass"/>
  <testcase name="passTest" time="0.004" classname="webAutoTest.AllStoresareUPArabicClass"/>
</testsuite> <!-- webAutoTest.AllStoresareUPArabicClass -->
